<?xml version="1.0" encoding="UTF-8"?>
<!-- Generated by org.testng.reporters.JUnitReportReporter -->
<testsuite skipped="0" hostname="lenovo" name="runners.Runner" tests="1" failures="0" timestamp="2021-05-31T19:03:45 IST" time="51.438" errors="0">
  <testcase name="runScenario" time="51.438" classname="runners.Runner"/>
  <system-out/>
</testsuite> <!-- runners.Runner -->
