<?xml version="1.0" encoding="UTF-8"?>
<!-- Generated by org.testng.reporters.JUnitReportReporter -->
<testsuite skipped="0" hostname="DESKTOP-E7MOVLK" name="runners.Runner" tests="1" failures="0" timestamp="30 May 2021 15:24:12 GMT" time="36.700" errors="0">
  <testcase name="runScenario" time="36.700" classname="runners.Runner"/>
</testsuite> <!-- runners.Runner -->
